{"/home/saajidkamran/dubai/school-attendance-api/src/services/attendance.ts": {"path":"/home/saajidkamran/dubai/school-attendance-api/src/services/attendance.ts","statementMap":{"0":{"start":{"line":4,"column":37},"end":{"line":16,"column":2}},"1":{"start":{"line":8,"column":7},"end":{"line":16,"column":2}},"2":{"start":{"line":11,"column":19},"end":{"line":11,"column":43}},"3":{"start":{"line":12,"column":4},"end":{"line":12,"column":76}},"4":{"start":{"line":13,"column":4},"end":{"line":13,"column":18}},"5":{"start":{"line":15,"column":44},"end":{"line":15,"column":56}},"6":{"start":{"line":4,"column":13},"end":{"line":4,"column":37}}},"fnMap":{"0":{"name":"(anonymous_0)","decl":{"start":{"line":4,"column":37},"end":{"line":4,"column":38}},"loc":{"start":{"line":8,"column":7},"end":{"line":16,"column":2}}},"1":{"name":"(anonymous_1)","decl":{"start":{"line":9,"column":2},"end":{"line":9,"column":7}},"loc":{"start":{"line":9,"column":77},"end":{"line":14,"column":3}}},"2":{"name":"(anonymous_2)","decl":{"start":{"line":15,"column":18},"end":{"line":15,"column":19}},"loc":{"start":{"line":15,"column":44},"end":{"line":15,"column":56}}}},"branchMap":{},"s":{"0":1,"1":1,"2":1,"3":1,"4":1,"5":0,"6":1},"f":{"0":1,"1":1,"2":0},"b":{}}
}
